<?xml version="1.0" encoding="UTF-8"?>
<!-- Generated by org.testng.reporters.JUnitReportReporter -->
<testsuite hostname="PUNITP350187D" name="Parallel_Testing_2.Parallel_Testing_2.Test2" tests="1" failures="0" timestamp="25 Sep 2018 11:18:43 GMT" time="6.121" errors="0">
  <testcase name="main" time="6.121" classname="Parallel_Testing_2.Parallel_Testing_2.Test2"/>
</testsuite> <!-- Parallel_Testing_2.Parallel_Testing_2.Test2 -->
